01-25-2021 12:00:12 AM | INFO | The user is server, the chosen optimizer for this run is variable type US and generation of Confidence Intervals' flag is False
01-25-2021 12:00:12 AM | DEBUG | Changing event name from creating-client-class.iot-data to creating-client-class.iot-data-plane
01-25-2021 12:00:12 AM | DEBUG | Changing event name from before-call.apigateway to before-call.api-gateway
01-25-2021 12:00:12 AM | DEBUG | Changing event name from request-created.machinelearning.Predict to request-created.machine-learning.Predict
01-25-2021 12:00:12 AM | DEBUG | Changing event name from before-parameter-build.autoscaling.CreateLaunchConfiguration to before-parameter-build.auto-scaling.CreateLaunchConfiguration
01-25-2021 12:00:12 AM | DEBUG | Changing event name from before-parameter-build.route53 to before-parameter-build.route-53
01-25-2021 12:00:12 AM | DEBUG | Changing event name from request-created.cloudsearchdomain.Search to request-created.cloudsearch-domain.Search
01-25-2021 12:00:12 AM | DEBUG | Changing event name from docs.*.autoscaling.CreateLaunchConfiguration.complete-section to docs.*.auto-scaling.CreateLaunchConfiguration.complete-section
01-25-2021 12:00:12 AM | DEBUG | Changing event name from before-parameter-build.logs.CreateExportTask to before-parameter-build.cloudwatch-logs.CreateExportTask
01-25-2021 12:00:12 AM | DEBUG | Changing event name from docs.*.logs.CreateExportTask.complete-section to docs.*.cloudwatch-logs.CreateExportTask.complete-section
01-25-2021 12:00:12 AM | DEBUG | Changing event name from before-parameter-build.cloudsearchdomain.Search to before-parameter-build.cloudsearch-domain.Search
01-25-2021 12:00:12 AM | DEBUG | Changing event name from docs.*.cloudsearchdomain.Search.complete-section to docs.*.cloudsearch-domain.Search.complete-section
01-25-2021 12:00:12 AM | DEBUG | IMDS ENDPOINT: http://169.254.169.254/
01-25-2021 12:00:12 AM | DEBUG | Looking for credentials via: env
01-25-2021 12:00:12 AM | INFO | Found credentials in environment variables.
01-25-2021 12:00:12 AM | DEBUG | Loading JSON file: /opt/conda/lib/python3.7/site-packages/botocore/data/endpoints.json
01-25-2021 12:00:12 AM | DEBUG | Event choose-service-name: calling handler <function handle_service_name_alias at 0x7f4d08081710>
01-25-2021 12:00:12 AM | DEBUG | Loading JSON file: /opt/conda/lib/python3.7/site-packages/botocore/data/s3/2006-03-01/service-2.json
01-25-2021 12:00:12 AM | DEBUG | Event creating-client-class.s3: calling handler <function add_generate_presigned_post at 0x7f4d080a8290>
01-25-2021 12:00:12 AM | DEBUG | Event creating-client-class.s3: calling handler <function lazy_call.<locals>._handler at 0x7f4cf3dc4e60>
01-25-2021 12:00:12 AM | DEBUG | Event creating-client-class.s3: calling handler <function add_generate_presigned_url at 0x7f4d080a8050>
01-25-2021 12:00:12 AM | DEBUG | Setting s3 timeout as (60, 60)
01-25-2021 12:00:12 AM | DEBUG | Loading JSON file: /opt/conda/lib/python3.7/site-packages/botocore/data/_retry.json
01-25-2021 12:00:12 AM | DEBUG | Registering retry handlers for service: s3
01-25-2021 12:00:12 AM | INFO | getting 012521_county_data.csv
01-25-2021 12:00:12 AM | DEBUG | Event before-parameter-build.s3.GetObject: calling handler <function sse_md5 at 0x7f4d0802c8c0>
01-25-2021 12:00:12 AM | DEBUG | Event before-parameter-build.s3.GetObject: calling handler <function validate_bucket_name at 0x7f4d0802c830>
01-25-2021 12:00:12 AM | DEBUG | Event before-parameter-build.s3.GetObject: calling handler <bound method S3RegionRedirector.redirect_from_cache of <botocore.utils.S3RegionRedirector object at 0x7f4d05b8e950>>
01-25-2021 12:00:12 AM | DEBUG | Event before-parameter-build.s3.GetObject: calling handler <bound method S3ArnParamHandler.handle_arn of <botocore.utils.S3ArnParamHandler object at 0x7f4cecafe550>>
01-25-2021 12:00:12 AM | DEBUG | Event before-parameter-build.s3.GetObject: calling handler <function generate_idempotent_uuid at 0x7f4d0802c680>
01-25-2021 12:00:12 AM | DEBUG | Event before-call.s3.GetObject: calling handler <function add_expect_header at 0x7f4d0802cb90>
01-25-2021 12:00:12 AM | DEBUG | Event before-call.s3.GetObject: calling handler <bound method S3RegionRedirector.set_request_url of <botocore.utils.S3RegionRedirector object at 0x7f4d05b8e950>>
01-25-2021 12:00:12 AM | DEBUG | Event before-call.s3.GetObject: calling handler <function inject_api_version_header_if_needed at 0x7f4d08033ef0>
01-25-2021 12:00:12 AM | DEBUG | Making request for OperationModel(name=GetObject) with params: {'url_path': '/itx-bhq-data-covidcollector/gt_for_mit/012521_county_data.csv', 'query_string': {}, 'method': 'GET', 'headers': {'User-Agent': 'Boto3/1.16.28 Python/3.7.4 Linux/4.14.203-156.332.amzn2.x86_64 Botocore/1.19.28'}, 'body': b'', 'url': 'https://s3.amazonaws.com/itx-bhq-data-covidcollector/gt_for_mit/012521_county_data.csv', 'context': {'client_region': 'us-east-1', 'client_config': <botocore.config.Config object at 0x7f4cf9624990>, 'has_streaming_input': False, 'auth_type': None, 'signing': {'bucket': 'itx-bhq-data-covidcollector'}}}
01-25-2021 12:00:12 AM | DEBUG | Event request-created.s3.GetObject: calling handler <bound method RequestSigner.handler of <botocore.signers.RequestSigner object at 0x7f4cec9ee690>>
01-25-2021 12:00:12 AM | DEBUG | Event choose-signer.s3.GetObject: calling handler <bound method ClientCreator._default_s3_presign_to_sigv2 of <botocore.client.ClientCreator object at 0x7f4cf3f239d0>>
01-25-2021 12:00:12 AM | DEBUG | Event choose-signer.s3.GetObject: calling handler <function set_operation_specific_signer at 0x7f4d0802c560>
01-25-2021 12:00:12 AM | DEBUG | Event before-sign.s3.GetObject: calling handler <bound method S3EndpointSetter.set_endpoint of <botocore.utils.S3EndpointSetter object at 0x7f4cecafea10>>
01-25-2021 12:00:12 AM | DEBUG | Defaulting to S3 virtual host style addressing with path style addressing fallback.
01-25-2021 12:00:12 AM | DEBUG | Checking for DNS compatible bucket for: https://s3.amazonaws.com/itx-bhq-data-covidcollector/gt_for_mit/012521_county_data.csv
01-25-2021 12:00:12 AM | DEBUG | URI updated to: https://itx-bhq-data-covidcollector.s3.amazonaws.com/gt_for_mit/012521_county_data.csv
01-25-2021 12:00:12 AM | DEBUG | Calculating signature using v4 auth.
01-25-2021 12:00:12 AM | DEBUG | CanonicalRequest:
GET
/gt_for_mit/012521_county_data.csv

host:itx-bhq-data-covidcollector.s3.amazonaws.com
x-amz-content-sha256:e3b0c44298fc1c149afbf4c8996fb92427ae41e4649b934ca495991b7852b855
x-amz-date:20210125T000012Z

host;x-amz-content-sha256;x-amz-date
e3b0c44298fc1c149afbf4c8996fb92427ae41e4649b934ca495991b7852b855
01-25-2021 12:00:12 AM | DEBUG | StringToSign:
AWS4-HMAC-SHA256
20210125T000012Z
20210125/us-east-1/s3/aws4_request
e7524cfdf8c9d8ac8ea501b518f8f3736ae00d5d929d584047d40e3b71157736
01-25-2021 12:00:12 AM | DEBUG | Signature:
908319bdf050d31e6a37c3bf0094fe109958f3dd60aafd221134249038057135
01-25-2021 12:00:12 AM | DEBUG | Sending http request: <AWSPreparedRequest stream_output=True, method=GET, url=https://itx-bhq-data-covidcollector.s3.amazonaws.com/gt_for_mit/012521_county_data.csv, headers={'User-Agent': b'Boto3/1.16.28 Python/3.7.4 Linux/4.14.203-156.332.amzn2.x86_64 Botocore/1.19.28', 'X-Amz-Date': b'20210125T000012Z', 'X-Amz-Content-SHA256': b'e3b0c44298fc1c149afbf4c8996fb92427ae41e4649b934ca495991b7852b855', 'Authorization': b'AWS4-HMAC-SHA256 Credential=AKIAU4A3W7LKCSENLU2T/20210125/us-east-1/s3/aws4_request, SignedHeaders=host;x-amz-content-sha256;x-amz-date, Signature=908319bdf050d31e6a37c3bf0094fe109958f3dd60aafd221134249038057135'}>
01-25-2021 12:00:12 AM | DEBUG | Starting new HTTPS connection (1): itx-bhq-data-covidcollector.s3.amazonaws.com:443
01-25-2021 12:00:12 AM | DEBUG | https://itx-bhq-data-covidcollector.s3.amazonaws.com:443 "GET /gt_for_mit/012521_county_data.csv HTTP/1.1" 404 None
01-25-2021 12:00:12 AM | DEBUG | Response headers: {'x-amz-request-id': '1C704CC9F3BC6E01', 'x-amz-id-2': '/iPVykRaURvfUmxwUpHse/NcVf5v9K2cWb5TpNvH82plt7Kh8azoR8igw1U8dA/16ELPp1KigMc=', 'Content-Type': 'application/xml', 'Transfer-Encoding': 'chunked', 'Date': 'Mon, 25 Jan 2021 00:00:11 GMT', 'Server': 'AmazonS3'}
01-25-2021 12:00:12 AM | DEBUG | Response body:
b'<?xml version="1.0" encoding="UTF-8"?>\n<Error><Code>NoSuchKey</Code><Message>The specified key does not exist.</Message><Key>gt_for_mit/012521_county_data.csv</Key><RequestId>1C704CC9F3BC6E01</RequestId><HostId>/iPVykRaURvfUmxwUpHse/NcVf5v9K2cWb5TpNvH82plt7Kh8azoR8igw1U8dA/16ELPp1KigMc=</HostId></Error>'
01-25-2021 12:00:12 AM | DEBUG | Response headers: {'x-amz-request-id': '1C704CC9F3BC6E01', 'x-amz-id-2': '/iPVykRaURvfUmxwUpHse/NcVf5v9K2cWb5TpNvH82plt7Kh8azoR8igw1U8dA/16ELPp1KigMc=', 'Content-Type': 'application/xml', 'Transfer-Encoding': 'chunked', 'Date': 'Mon, 25 Jan 2021 00:00:11 GMT', 'Server': 'AmazonS3'}
01-25-2021 12:00:12 AM | DEBUG | Response body:
b'<?xml version="1.0" encoding="UTF-8"?>\n<Error><Code>NoSuchKey</Code><Message>The specified key does not exist.</Message><Key>gt_for_mit/012521_county_data.csv</Key><RequestId>1C704CC9F3BC6E01</RequestId><HostId>/iPVykRaURvfUmxwUpHse/NcVf5v9K2cWb5TpNvH82plt7Kh8azoR8igw1U8dA/16ELPp1KigMc=</HostId></Error>'
01-25-2021 12:00:12 AM | DEBUG | Event needs-retry.s3.GetObject: calling handler <botocore.retryhandler.RetryHandler object at 0x7f4cf3e93a10>
01-25-2021 12:00:12 AM | DEBUG | No retry needed.
01-25-2021 12:00:12 AM | DEBUG | Event needs-retry.s3.GetObject: calling handler <bound method S3RegionRedirector.redirect_from_error of <botocore.utils.S3RegionRedirector object at 0x7f4d05b8e950>>
