01-17-2021 08:10:31 PM | INFO | The user is server, the chosen optimizer for this run is variable type ExUS and generation of Confidence Intervals' flag is False
01-17-2021 08:10:36 PM | INFO | finished for state_province
01-17-2021 08:10:36 PM | INFO |     last_date  count
0  2021-01-15    390
1  2021-01-13     41
2  2020-12-27     13
3  2020-12-11      9
4  2021-01-03      8
5  2021-01-10      7
6  2020-12-24      5
7  2020-12-13      4
8  2021-01-14      4
9  2020-12-12      3
10 2020-12-30      3
11 2021-01-02      3
12 2021-01-06      2
13 2021-01-11      2
14 2021-01-01      2
15 2020-11-13      1
16 2020-12-25      1
17 2020-12-23      1
18 2020-12-20      1
19 2020-12-15      1
20 2020-12-28      1
01-17-2021 08:10:36 PM | INFO | Start date: 2021-01-05 00:00:00, End date: 2021-01-10
