12-03-2020 06:47:58 PM | INFO | The user is server, the chosen optimizer for this run is variable type ExUS and generation of Confidence Intervals' flag is False
12-03-2020 06:47:58 PM | DEBUG | Changing event name from creating-client-class.iot-data to creating-client-class.iot-data-plane
12-03-2020 06:47:58 PM | DEBUG | Changing event name from before-call.apigateway to before-call.api-gateway
12-03-2020 06:47:58 PM | DEBUG | Changing event name from request-created.machinelearning.Predict to request-created.machine-learning.Predict
12-03-2020 06:47:58 PM | DEBUG | Changing event name from before-parameter-build.autoscaling.CreateLaunchConfiguration to before-parameter-build.auto-scaling.CreateLaunchConfiguration
12-03-2020 06:47:58 PM | DEBUG | Changing event name from before-parameter-build.route53 to before-parameter-build.route-53
12-03-2020 06:47:58 PM | DEBUG | Changing event name from request-created.cloudsearchdomain.Search to request-created.cloudsearch-domain.Search
12-03-2020 06:47:58 PM | DEBUG | Changing event name from docs.*.autoscaling.CreateLaunchConfiguration.complete-section to docs.*.auto-scaling.CreateLaunchConfiguration.complete-section
12-03-2020 06:47:58 PM | DEBUG | Changing event name from before-parameter-build.logs.CreateExportTask to before-parameter-build.cloudwatch-logs.CreateExportTask
12-03-2020 06:47:58 PM | DEBUG | Changing event name from docs.*.logs.CreateExportTask.complete-section to docs.*.cloudwatch-logs.CreateExportTask.complete-section
12-03-2020 06:47:58 PM | DEBUG | Changing event name from before-parameter-build.cloudsearchdomain.Search to before-parameter-build.cloudsearch-domain.Search
12-03-2020 06:47:58 PM | DEBUG | Changing event name from docs.*.cloudsearchdomain.Search.complete-section to docs.*.cloudsearch-domain.Search.complete-section
12-03-2020 06:47:58 PM | DEBUG | IMDS ENDPOINT: http://169.254.169.254/
12-03-2020 06:47:58 PM | DEBUG | Looking for credentials via: env
12-03-2020 06:47:58 PM | INFO | Found credentials in environment variables.
12-03-2020 06:47:58 PM | DEBUG | Loading JSON file: /opt/conda/lib/python3.7/site-packages/botocore/data/endpoints.json
12-03-2020 06:47:58 PM | DEBUG | Event choose-service-name: calling handler <function handle_service_name_alias at 0x7f923115bd40>
12-03-2020 06:47:58 PM | DEBUG | Loading JSON file: /opt/conda/lib/python3.7/site-packages/botocore/data/s3/2006-03-01/service-2.json
12-03-2020 06:47:58 PM | DEBUG | Event creating-client-class.s3: calling handler <function add_generate_presigned_post at 0x7f9231206950>
12-03-2020 06:47:58 PM | DEBUG | Event creating-client-class.s3: calling handler <function lazy_call.<locals>._handler at 0x7f921accd320>
12-03-2020 06:47:58 PM | DEBUG | Event creating-client-class.s3: calling handler <function add_generate_presigned_url at 0x7f9231206710>
12-03-2020 06:47:58 PM | DEBUG | Setting s3 timeout as (60, 60)
12-03-2020 06:47:58 PM | DEBUG | Loading JSON file: /opt/conda/lib/python3.7/site-packages/botocore/data/_retry.json
12-03-2020 06:47:58 PM | DEBUG | Registering retry handlers for service: s3
12-03-2020 06:47:58 PM | INFO | getting 120320_global.csv
12-03-2020 06:47:58 PM | DEBUG | Event before-parameter-build.s3.GetObject: calling handler <function sse_md5 at 0x7f923118e050>
12-03-2020 06:47:58 PM | DEBUG | Event before-parameter-build.s3.GetObject: calling handler <function validate_bucket_name at 0x7f9231186f80>
12-03-2020 06:47:58 PM | DEBUG | Event before-parameter-build.s3.GetObject: calling handler <bound method S3RegionRedirector.redirect_from_cache of <botocore.utils.S3RegionRedirector object at 0x7f9217c26f50>>
12-03-2020 06:47:58 PM | DEBUG | Event before-parameter-build.s3.GetObject: calling handler <bound method S3ArnParamHandler.handle_arn of <botocore.utils.S3ArnParamHandler object at 0x7f9217bf4410>>
12-03-2020 06:47:58 PM | DEBUG | Event before-parameter-build.s3.GetObject: calling handler <function generate_idempotent_uuid at 0x7f9231186dd0>
12-03-2020 06:47:58 PM | DEBUG | Event before-call.s3.GetObject: calling handler <function add_expect_header at 0x7f923118e320>
12-03-2020 06:47:58 PM | DEBUG | Event before-call.s3.GetObject: calling handler <bound method S3RegionRedirector.set_request_url of <botocore.utils.S3RegionRedirector object at 0x7f9217c26f50>>
12-03-2020 06:47:58 PM | DEBUG | Event before-call.s3.GetObject: calling handler <function inject_api_version_header_if_needed at 0x7f923118f680>
12-03-2020 06:47:58 PM | DEBUG | Making request for OperationModel(name=GetObject) with params: {'url_path': '/itx-bhq-data-covidcollector/gt_for_mit/120320_global.csv', 'query_string': {}, 'method': 'GET', 'headers': {'User-Agent': 'Boto3/1.16.28 Python/3.7.4 Linux/4.14.203-156.332.amzn2.x86_64 Botocore/1.19.28'}, 'body': b'', 'url': 'https://s3.amazonaws.com/itx-bhq-data-covidcollector/gt_for_mit/120320_global.csv', 'context': {'client_region': 'us-east-1', 'client_config': <botocore.config.Config object at 0x7f921aeba3d0>, 'has_streaming_input': False, 'auth_type': None, 'signing': {'bucket': 'itx-bhq-data-covidcollector'}}}
12-03-2020 06:47:58 PM | DEBUG | Event request-created.s3.GetObject: calling handler <bound method RequestSigner.handler of <botocore.signers.RequestSigner object at 0x7f9224b88390>>
12-03-2020 06:47:58 PM | DEBUG | Event choose-signer.s3.GetObject: calling handler <bound method ClientCreator._default_s3_presign_to_sigv2 of <botocore.client.ClientCreator object at 0x7f921b08af50>>
12-03-2020 06:47:58 PM | DEBUG | Event choose-signer.s3.GetObject: calling handler <function set_operation_specific_signer at 0x7f9231186cb0>
12-03-2020 06:47:58 PM | DEBUG | Event before-sign.s3.GetObject: calling handler <bound method S3EndpointSetter.set_endpoint of <botocore.utils.S3EndpointSetter object at 0x7f9217bad390>>
12-03-2020 06:47:58 PM | DEBUG | Defaulting to S3 virtual host style addressing with path style addressing fallback.
12-03-2020 06:47:58 PM | DEBUG | Checking for DNS compatible bucket for: https://s3.amazonaws.com/itx-bhq-data-covidcollector/gt_for_mit/120320_global.csv
12-03-2020 06:47:58 PM | DEBUG | URI updated to: https://itx-bhq-data-covidcollector.s3.amazonaws.com/gt_for_mit/120320_global.csv
12-03-2020 06:47:58 PM | DEBUG | Calculating signature using v4 auth.
12-03-2020 06:47:58 PM | DEBUG | CanonicalRequest:
GET
/gt_for_mit/120320_global.csv

host:itx-bhq-data-covidcollector.s3.amazonaws.com
x-amz-content-sha256:e3b0c44298fc1c149afbf4c8996fb92427ae41e4649b934ca495991b7852b855
x-amz-date:20201203T184758Z

host;x-amz-content-sha256;x-amz-date
e3b0c44298fc1c149afbf4c8996fb92427ae41e4649b934ca495991b7852b855
12-03-2020 06:47:58 PM | DEBUG | StringToSign:
AWS4-HMAC-SHA256
20201203T184758Z
20201203/us-east-1/s3/aws4_request
8549eb5121e547a1e62f875e30e5cda431649e4ce2929f61f400bd61edd8fbc9
12-03-2020 06:47:58 PM | DEBUG | Signature:
1bfe3c15d10da1a63ba3f80dbd680d93547828bd47666edc1a494e8ff170934c
12-03-2020 06:47:58 PM | DEBUG | Sending http request: <AWSPreparedRequest stream_output=True, method=GET, url=https://itx-bhq-data-covidcollector.s3.amazonaws.com/gt_for_mit/120320_global.csv, headers={'User-Agent': b'Boto3/1.16.28 Python/3.7.4 Linux/4.14.203-156.332.amzn2.x86_64 Botocore/1.19.28', 'X-Amz-Date': b'20201203T184758Z', 'X-Amz-Content-SHA256': b'e3b0c44298fc1c149afbf4c8996fb92427ae41e4649b934ca495991b7852b855', 'Authorization': b'AWS4-HMAC-SHA256 Credential=AKIAU4A3W7LKCSENLU2T/20201203/us-east-1/s3/aws4_request, SignedHeaders=host;x-amz-content-sha256;x-amz-date, Signature=1bfe3c15d10da1a63ba3f80dbd680d93547828bd47666edc1a494e8ff170934c'}>
12-03-2020 06:47:58 PM | DEBUG | Starting new HTTPS connection (1): itx-bhq-data-covidcollector.s3.amazonaws.com:443
12-03-2020 06:47:58 PM | DEBUG | https://itx-bhq-data-covidcollector.s3.amazonaws.com:443 "GET /gt_for_mit/120320_global.csv HTTP/1.1" 200 85100
12-03-2020 06:47:58 PM | DEBUG | Response headers: {'x-amz-id-2': 'PwBgsqU0khfPVuJkZr6JmYITA2rSMgtGEMQ8Qi+9rzN4ak6RjuNCJQi/mocnEOkHCVNDeJ1/dDw=', 'x-amz-request-id': '0F4F2FC2FC2415BE', 'Date': 'Thu, 03 Dec 2020 18:47:59 GMT', 'Last-Modified': 'Thu, 03 Dec 2020 18:02:16 GMT', 'ETag': '"276447c8c29da44146be421d78ec4952"', 'x-amz-server-side-encryption': 'AES256', 'x-amz-version-id': 'sDIht1GRzrvcXW3zJGCWNicoh8UU4aIU', 'Accept-Ranges': 'bytes', 'Content-Type': 'text/csv', 'Content-Length': '85100', 'Server': 'AmazonS3'}
12-03-2020 06:47:58 PM | DEBUG | Response body:
<botocore.response.StreamingBody object at 0x7f9217ae9610>
12-03-2020 06:47:58 PM | DEBUG | Event needs-retry.s3.GetObject: calling handler <botocore.retryhandler.RetryHandler object at 0x7f9217cb0950>
12-03-2020 06:47:58 PM | DEBUG | No retry needed.
12-03-2020 06:47:58 PM | DEBUG | Event needs-retry.s3.GetObject: calling handler <bound method S3RegionRedirector.redirect_from_error of <botocore.utils.S3RegionRedirector object at 0x7f9217c26f50>>
