01-25-2021 12:03:45 AM | INFO | The user is server, the chosen optimizer for this run is variable type US and generation of Confidence Intervals' flag is False
01-25-2021 12:03:58 AM | INFO | finished for county
01-25-2021 12:03:58 AM | INFO |    last_date  count
0 2021-01-22    650
1 2020-11-13      1
01-25-2021 12:03:58 AM | INFO | Start date: 2021-01-16 00:00:00, End date: 2021-01-22 00:00:00
01-25-2021 12:03:58 AM | INFO | running for 2021-01-17 00:00:00 optimizer tnc replace_already_existing_par False
01-25-2021 12:03:58 AM | INFO | Number of CPUs found and used in this run: 48
01-25-2021 12:03:58 AM | INFO | Number of areas to be fitted in this run: 650
01-25-2021 12:03:58 AM | INFO | starting to predict for North America, US, AK_Matanuska-Susitna_Borough
01-25-2021 12:03:58 AM | INFO | starting to predict for North America, US, DE_Kent_County
01-25-2021 12:03:58 AM | INFO | starting to predict for North America, US, CT_New_London_County
01-25-2021 12:03:58 AM | INFO | starting to predict for North America, US, GA_Chatham_County
01-25-2021 12:03:58 AM | INFO | starting to predict for North America, US, GA_Cobb_County
01-25-2021 12:03:58 AM | INFO | starting to predict for North America, US, DE_Sussex_County
01-25-2021 12:03:58 AM | INFO | starting to predict for North America, US, FL_Indian_River_County
01-25-2021 12:03:58 AM | INFO | starting to predict for North America, US, CO_El_Paso_County
01-25-2021 12:03:58 AM | INFO | starting to predict for North America, US, CO_Pueblo_County
01-25-2021 12:03:58 AM | INFO | starting to predict for North America, US, CT_Litchfield_County
01-25-2021 12:03:58 AM | INFO | starting to predict for North America, US, GA_DeKalb_County
01-25-2021 12:03:58 AM | INFO | starting to predict for North America, US, FL_St._Lucie_County
01-25-2021 12:03:58 AM | INFO | starting to predict for North America, US, FL_Santa_Rosa_County
01-25-2021 12:03:58 AM | INFO | starting to predict for North America, US, MO_Jackson_County_(including_other_portions_of_Kansas_City)
01-25-2021 12:03:58 AM | INFO | starting to predict for North America, US, MO_City_of_St._Louis
01-25-2021 12:03:58 AM | INFO | starting to predict for North America, US, FL_Pasco_County
01-25-2021 12:03:58 AM | INFO | starting to predict for North America, US, GA_Fulton_County
01-25-2021 12:03:58 AM | INFO | starting to predict for North America, US, CA_Yolo_County
01-25-2021 12:03:58 AM | INFO | starting to predict for North America, US, FL_Miami-Dade_County
01-25-2021 12:03:58 AM | INFO | starting to predict for North America, US, FL_Palm_Beach_County
01-25-2021 12:03:58 AM | INFO | starting to predict for North America, US, CA_Trinity_County
01-25-2021 12:03:58 AM | INFO | starting to predict for North America, US, FL_Duval_County
01-25-2021 12:03:58 AM | INFO | starting to predict for North America, US, HI_Hawaii_County
01-25-2021 12:03:58 AM | INFO | starting to predict for North America, US, IN_LaPorte_County
01-25-2021 12:03:58 AM | INFO | starting to predict for North America, US, IN_Porter_County
01-25-2021 12:03:58 AM | INFO | starting to predict for North America, US, IL_Lake_County
01-25-2021 12:03:58 AM | INFO | starting to predict for North America, US, IL_DeKalb_County
01-25-2021 12:03:58 AM | INFO | starting to predict for North America, US, IL_Kendall_County
01-25-2021 12:03:58 AM | INFO | starting to predict for North America, US, IA_Scott_County
01-25-2021 12:03:58 AM | INFO | starting to predict for North America, US, GA_Paulding_County
01-25-2021 12:03:58 AM | INFO | starting to predict for North America, US, MO_Platte_County
01-25-2021 12:03:58 AM | INFO | starting to predict for North America, US, IN_Clark_County
01-25-2021 12:03:58 AM | INFO | starting to predict for North America, US, IL_Tazewell_County
01-25-2021 12:03:58 AM | INFO | starting to predict for North America, US, FL_Brevard_County
01-25-2021 12:03:58 AM | INFO | starting to predict for North America, US, CO_Denver_County
01-25-2021 12:03:58 AM | INFO | starting to predict for North America, US, IL_Will_County
01-25-2021 12:03:58 AM | INFO | starting to predict for North America, US, KS_Harvey_County
01-25-2021 12:03:58 AM | INFO | starting to predict for North America, US, KS_Shawnee_County
01-25-2021 12:03:58 AM | INFO | starting to predict for North America, US, CA_Santa_Cruz_County
01-25-2021 12:03:58 AM | INFO | starting to predict for North America, US, IL_Peoria_County
01-25-2021 12:03:58 AM | INFO | starting to predict for North America, US, IN_Tippecanoe_County
01-25-2021 12:03:58 AM | INFO | starting to predict for North America, US, LA_Ouachita_Parish
01-25-2021 12:03:58 AM | INFO | starting to predict for North America, US, MD_Charles_County
01-25-2021 12:03:58 AM | INFO | starting to predict for North America, US, CA_Sacramento_County
01-25-2021 12:03:58 AM | INFO | starting to predict for North America, US, MI_Cass_County
01-25-2021 12:03:58 AM | INFO | starting to predict for North America, US, MI_Emmet_County
01-25-2021 12:03:58 AM | INFO | starting to predict for North America, US, MD_Baltimore_County
01-25-2021 12:03:58 AM | INFO | starting to predict for North America, US, LA_Rapides_Parish
01-25-2021 12:04:01 AM | INFO | starting to predict for North America, US, CA_San_Mateo_County
01-25-2021 12:04:01 AM | INFO | starting to predict for North America, US, LA_St._Tammany_Parish
01-25-2021 12:04:02 AM | INFO | starting to predict for North America, US, KY_Kenton_County
01-25-2021 12:04:02 AM | INFO | starting to predict for North America, US, MD_Wicomico_County
01-25-2021 12:04:02 AM | INFO | starting to predict for North America, US, WI_Walworth_County
01-25-2021 12:04:04 AM | INFO | starting to predict for North America, US, WI_Sheboygan_County
01-25-2021 12:04:04 AM | INFO | starting to predict for North America, US, AK_Municipality_of_Anchorage
01-25-2021 12:04:05 AM | INFO | starting to predict for North America, US, WI_Milwaukee_County
01-25-2021 12:04:05 AM | INFO | starting to predict for North America, US, MI_Muskegon_County
01-25-2021 12:04:06 AM | INFO | starting to predict for North America, US, MI_Bay_County
01-25-2021 12:04:07 AM | INFO | starting to predict for North America, US, MD_Montgomery_County
01-25-2021 12:04:07 AM | INFO | starting to predict for North America, US, MI_Berrien_County
01-25-2021 12:04:07 AM | INFO | starting to predict for North America, US, ME_Kennebec_County
01-25-2021 12:04:07 AM | INFO | starting to predict for North America, US, MA_Suffolk_County
01-25-2021 12:04:08 AM | INFO | starting to predict for North America, US, CA_Placer_County
01-25-2021 12:04:08 AM | INFO | starting to predict for North America, US, MN_Stearns_County
01-25-2021 12:04:08 AM | INFO | starting to predict for North America, US, NC_Orange_County
01-25-2021 12:04:08 AM | INFO | starting to predict for North America, US, NC_Robeson_County
01-25-2021 12:04:09 AM | INFO | starting to predict for North America, US, MN_Ramsey_County
01-25-2021 12:04:10 AM | INFO | starting to predict for North America, US, MO_St._Charles_County
01-25-2021 12:04:10 AM | INFO | starting to predict for North America, US, MI_St._Clair_County
01-25-2021 12:04:11 AM | INFO | starting to predict for North America, US, MN_Anoka_County
01-25-2021 12:04:11 AM | INFO | starting to predict for North America, US, CA_Orange_County
01-25-2021 12:04:11 AM | INFO | starting to predict for North America, US, NC_Union_County
01-25-2021 12:04:12 AM | INFO | starting to predict for North America, US, WI_Kenosha_County
01-25-2021 12:04:12 AM | INFO | starting to predict for North America, US, MA_Barnstable_County
01-25-2021 12:04:13 AM | INFO | starting to predict for North America, US, MA_Hampden_County
01-25-2021 12:04:13 AM | INFO | starting to predict for North America, US, MA_Norfolk_County
01-25-2021 12:04:14 AM | INFO | starting to predict for North America, US, NC_Durham_County
01-25-2021 12:04:14 AM | INFO | starting to predict for North America, US, NC_Randolph_County
01-25-2021 12:04:15 AM | INFO | starting to predict for North America, US, MT_Missoula_County
01-25-2021 12:04:15 AM | INFO | starting to predict for North America, US, NC_Brunswick_County
01-25-2021 12:04:15 AM | INFO | starting to predict for North America, US, NC_Catawba_County
01-25-2021 12:04:16 AM | INFO | starting to predict for North America, US, ID_Valley_County
01-25-2021 12:04:16 AM | INFO | starting to predict for North America, US, NJ_Atlantic_County
01-25-2021 12:04:16 AM | INFO | starting to predict for North America, US, NJ_Camden_County
01-25-2021 12:04:17 AM | INFO | starting to predict for North America, US, NJ_Gloucester_County
01-25-2021 12:04:17 AM | INFO | starting to predict for North America, US, WV_Monongalia_County
01-25-2021 12:04:17 AM | INFO | starting to predict for North America, US, CA_El_Dorado_County
01-25-2021 12:04:17 AM | INFO | starting to predict for North America, US, NJ_Somerset_County
01-25-2021 12:04:18 AM | INFO | starting to predict for North America, US, NJ_Warren_County
01-25-2021 12:04:18 AM | INFO | starting to predict for North America, US, NM_Sandoval_County
01-25-2021 12:04:18 AM | INFO | starting to predict for North America, US, NM_Bernalillo_County
01-25-2021 12:04:18 AM | INFO | starting to predict for North America, US, NY_Queens_County
01-25-2021 12:04:19 AM | INFO | starting to predict for North America, US, NY_Erie_County
01-25-2021 12:04:19 AM | INFO | starting to predict for North America, US, NY_Madison_County
01-25-2021 12:04:20 AM | INFO | starting to predict for North America, US, NY_Niagara_County
01-25-2021 12:04:20 AM | INFO | starting to predict for North America, US, NH_Hillsborough_County
01-25-2021 12:04:21 AM | INFO | starting to predict for North America, US, NY_Chemung_County
01-25-2021 12:04:22 AM | INFO | starting to predict for North America, US, CA_Amador_County
01-25-2021 12:04:22 AM | INFO | starting to predict for North America, US, NY_St._Lawrence_County
01-25-2021 12:04:22 AM | INFO | starting to predict for North America, US, NY_Westchester_County
01-25-2021 12:04:23 AM | INFO | starting to predict for North America, US, NY_Steuben_County
01-25-2021 12:04:23 AM | INFO | starting to predict for North America, US, CA_Humboldt_County
01-25-2021 12:04:24 AM | INFO | starting to predict for North America, US, AZ_Yuma_County
01-25-2021 12:04:24 AM | INFO | starting to predict for North America, US, OH_Fulton_County
01-25-2021 12:04:25 AM | INFO | starting to predict for North America, US, OH_Hamilton_County
01-25-2021 12:04:25 AM | INFO | starting to predict for North America, US, OH_Lucas_County
01-25-2021 12:04:25 AM | INFO | starting to predict for North America, US, OH_Lake_County
01-25-2021 12:04:25 AM | INFO | starting to predict for North America, US, ID_Payette_County
01-25-2021 12:04:25 AM | INFO | starting to predict for North America, US, OH_Stark_County
01-25-2021 12:04:25 AM | INFO | starting to predict for North America, US, AZ_Pima_County
01-25-2021 12:04:25 AM | INFO | starting to predict for North America, US, OK_Canadian_County
01-25-2021 12:04:25 AM | INFO | starting to predict for North America, US, OH_Paulding_County
01-25-2021 12:04:26 AM | INFO | starting to predict for North America, US, PA_Bucks_County
01-25-2021 12:04:26 AM | INFO | starting to predict for North America, US, AZ_Mohave_County
01-25-2021 12:04:26 AM | INFO | starting to predict for North America, US, OR_Douglas_County
01-25-2021 12:04:27 AM | INFO | starting to predict for North America, US, PA_Adams_County
01-25-2021 12:04:28 AM | INFO | starting to predict for North America, US, OH_Columbiana_County
01-25-2021 12:04:28 AM | INFO | starting to predict for North America, US, PA_Berks_County
01-25-2021 12:04:29 AM | INFO | starting to predict for North America, US, PA_Carbon_County
01-25-2021 12:04:29 AM | INFO | starting to predict for North America, US, PA_Columbia_County
01-25-2021 12:04:30 AM | INFO | starting to predict for North America, US, PA_Erie_County
01-25-2021 12:04:30 AM | INFO | starting to predict for North America, US, PA_Cumberland_County
01-25-2021 12:04:31 AM | INFO | starting to predict for North America, US, NJ_Passaic_County
01-25-2021 12:04:32 AM | INFO | starting to predict for North America, US, PA_Schuylkill_County
01-25-2021 12:04:32 AM | INFO | starting to predict for North America, US, PA_York_County
01-25-2021 12:04:32 AM | INFO | starting to predict for North America, US, AR_Sebastian_County
01-25-2021 12:04:33 AM | INFO | starting to predict for North America, US, TX_Dallas_County
01-25-2021 12:04:33 AM | INFO | starting to predict for North America, US, PA_Monroe_County
01-25-2021 12:04:34 AM | INFO | starting to predict for North America, US, SC_Beaufort_County
01-25-2021 12:04:35 AM | INFO | starting to predict for North America, US, SC_Spartanburg_County
01-25-2021 12:04:35 AM | INFO | starting to predict for North America, US, SD_Minnehaha_County
01-25-2021 12:04:35 AM | INFO | starting to predict for North America, US, AR_Saline_County
01-25-2021 12:04:36 AM | INFO | starting to predict for North America, US, SC_Greenville_County
01-25-2021 12:04:36 AM | INFO | starting to predict for North America, US, TN_Williamson_County
01-25-2021 12:04:37 AM | INFO | starting to predict for North America, US, TX_Bexar_County
01-25-2021 12:04:37 AM | INFO | starting to predict for North America, US, NE_Sarpy_County
01-25-2021 12:04:38 AM | INFO | starting to predict for North America, US, CA_Stanislaus_County
01-25-2021 12:04:38 AM | INFO | starting to predict for North America, US, TN_Sullivan_County
01-25-2021 12:04:38 AM | INFO | starting to predict for North America, US, TX_Grayson_County
01-25-2021 12:04:39 AM | INFO | starting to predict for North America, US, TX_Hays_County
01-25-2021 12:04:39 AM | INFO | starting to predict for North America, US, AL_Shelby_County
01-25-2021 12:04:39 AM | INFO | starting to predict for North America, US, TN_Hamilton_County
01-25-2021 12:04:40 AM | INFO | starting to predict for North America, US, TX_Fort_Bend_County
01-25-2021 12:04:40 AM | INFO | starting to predict for North America, US, TX_Randall_County
01-25-2021 12:04:40 AM | INFO | starting to predict for North America, US, TX_Taylor_County
01-25-2021 12:04:41 AM | INFO | starting to predict for North America, US, AL_Mobile_County
01-25-2021 12:04:41 AM | INFO | starting to predict for North America, US, VA_Loudoun_County
01-25-2021 12:04:42 AM | INFO | starting to predict for North America, US, TX_Webb_County
01-25-2021 12:04:43 AM | INFO | starting to predict for North America, US, UT_Weber_County
01-25-2021 12:04:45 AM | INFO | starting to predict for North America, US, VA_Arlington_County
01-25-2021 12:04:45 AM | INFO | starting to predict for North America, US, AL_Lee_County
01-25-2021 12:04:45 AM | INFO | starting to predict for North America, US, UT_Salt_Lake_County
01-25-2021 12:04:46 AM | INFO | starting to predict for North America, US, TX_Midland_County
01-25-2021 12:04:47 AM | INFO | starting to predict for North America, US, WA_Spokane_County
01-25-2021 12:04:47 AM | INFO | starting to predict for North America, US, VA_Stafford_County
01-25-2021 12:04:47 AM | INFO | starting to predict for North America, US, WA_Benton_County
01-25-2021 12:04:47 AM | INFO | starting to predict for North America, US, VA_Suffolk_City
01-25-2021 12:04:49 AM | INFO | starting to predict for North America, US, WA_Snohomish_County
01-25-2021 12:04:50 AM | INFO | starting to predict for North America, US, SC_Berkeley_County
01-25-2021 12:04:50 AM | INFO | starting to predict for North America, US, WA_Kitsap_County
01-25-2021 12:04:50 AM | INFO | starting to predict for North America, US, WI_Dane_County
01-25-2021 12:04:51 AM | INFO | starting to predict for North America, US, WA_Walla_Walla_County
01-25-2021 12:04:51 AM | INFO | starting to predict for North America, US, AL_Jefferson_County
