02-15-2021 07:18:51 PM | INFO | The user is server, the chosen optimizer for this run is variable type ExUS and generation of Confidence Intervals' flag is False
02-15-2021 07:18:56 PM | INFO | finished for state_province
02-15-2021 07:18:56 PM | INFO |     last_date  count
0  2021-02-13    303
1  2021-02-12     98
2  2021-02-10     54
3  2021-02-11     13
4  2021-02-03     13
5  2021-01-21     12
6  2021-01-19      4
7  2021-02-09      3
8  2021-01-24      2
9  2021-02-08      2
10 2021-01-17      2
11 2021-01-16      2
12 2021-01-25      1
13 2021-02-01      1
14 2021-01-06      1
15 2021-02-04      1
16 2021-02-05      1
17 2020-11-13      1
02-15-2021 07:18:56 PM | INFO | Start date: 2021-02-03 00:00:00, End date: 2021-02-13 00:00:00
02-15-2021 07:18:56 PM | ERROR | Initial model state /repos/DELPHI/data_sandbox/predicted/raw_predictions/Predicted_model_provinces_V3_2020-10-01.csv file not found, can not train from 2020-10-01. Use model_V3 to train on entire data.
