12-07-2020 03:48:54 PM | INFO | The user is server, the chosen optimizer for this run is variable type US and generation of Confidence Intervals' flag is False
12-07-2020 03:48:54 PM | DEBUG | Changing event name from creating-client-class.iot-data to creating-client-class.iot-data-plane
12-07-2020 03:48:54 PM | DEBUG | Changing event name from before-call.apigateway to before-call.api-gateway
12-07-2020 03:48:54 PM | DEBUG | Changing event name from request-created.machinelearning.Predict to request-created.machine-learning.Predict
12-07-2020 03:48:54 PM | DEBUG | Changing event name from before-parameter-build.autoscaling.CreateLaunchConfiguration to before-parameter-build.auto-scaling.CreateLaunchConfiguration
12-07-2020 03:48:54 PM | DEBUG | Changing event name from before-parameter-build.route53 to before-parameter-build.route-53
12-07-2020 03:48:54 PM | DEBUG | Changing event name from request-created.cloudsearchdomain.Search to request-created.cloudsearch-domain.Search
12-07-2020 03:48:54 PM | DEBUG | Changing event name from docs.*.autoscaling.CreateLaunchConfiguration.complete-section to docs.*.auto-scaling.CreateLaunchConfiguration.complete-section
12-07-2020 03:48:54 PM | DEBUG | Changing event name from before-parameter-build.logs.CreateExportTask to before-parameter-build.cloudwatch-logs.CreateExportTask
12-07-2020 03:48:54 PM | DEBUG | Changing event name from docs.*.logs.CreateExportTask.complete-section to docs.*.cloudwatch-logs.CreateExportTask.complete-section
12-07-2020 03:48:54 PM | DEBUG | Changing event name from before-parameter-build.cloudsearchdomain.Search to before-parameter-build.cloudsearch-domain.Search
12-07-2020 03:48:54 PM | DEBUG | Changing event name from docs.*.cloudsearchdomain.Search.complete-section to docs.*.cloudsearch-domain.Search.complete-section
12-07-2020 03:48:54 PM | DEBUG | IMDS ENDPOINT: http://169.254.169.254/
12-07-2020 03:48:54 PM | DEBUG | Looking for credentials via: env
12-07-2020 03:48:54 PM | INFO | Found credentials in environment variables.
12-07-2020 03:48:54 PM | DEBUG | Loading JSON file: /opt/conda/lib/python3.7/site-packages/botocore/data/endpoints.json
12-07-2020 03:48:54 PM | DEBUG | Event choose-service-name: calling handler <function handle_service_name_alias at 0x7f01dc536680>
12-07-2020 03:48:54 PM | DEBUG | Loading JSON file: /opt/conda/lib/python3.7/site-packages/botocore/data/s3/2006-03-01/service-2.json
12-07-2020 03:48:54 PM | DEBUG | Event creating-client-class.s3: calling handler <function add_generate_presigned_post at 0x7f01dc5dc200>
12-07-2020 03:48:54 PM | DEBUG | Event creating-client-class.s3: calling handler <function lazy_call.<locals>._handler at 0x7f01ca499e60>
12-07-2020 03:48:54 PM | DEBUG | Event creating-client-class.s3: calling handler <function add_generate_presigned_url at 0x7f01dc5dff80>
12-07-2020 03:48:54 PM | DEBUG | Setting s3 timeout as (60, 60)
12-07-2020 03:48:54 PM | DEBUG | Loading JSON file: /opt/conda/lib/python3.7/site-packages/botocore/data/_retry.json
12-07-2020 03:48:54 PM | DEBUG | Registering retry handlers for service: s3
12-07-2020 03:48:54 PM | INFO | getting 201206_county_data.csv
12-07-2020 03:48:54 PM | DEBUG | Event before-parameter-build.s3.GetObject: calling handler <function sse_md5 at 0x7f01dc55f8c0>
12-07-2020 03:48:54 PM | DEBUG | Event before-parameter-build.s3.GetObject: calling handler <function validate_bucket_name at 0x7f01dc55f830>
12-07-2020 03:48:54 PM | DEBUG | Event before-parameter-build.s3.GetObject: calling handler <bound method S3RegionRedirector.redirect_from_cache of <botocore.utils.S3RegionRedirector object at 0x7f01beffbfd0>>
12-07-2020 03:48:54 PM | DEBUG | Event before-parameter-build.s3.GetObject: calling handler <bound method S3ArnParamHandler.handle_arn of <botocore.utils.S3ArnParamHandler object at 0x7f01ca3e4710>>
12-07-2020 03:48:54 PM | DEBUG | Event before-parameter-build.s3.GetObject: calling handler <function generate_idempotent_uuid at 0x7f01dc55f680>
12-07-2020 03:48:54 PM | DEBUG | Event before-call.s3.GetObject: calling handler <function add_expect_header at 0x7f01dc55fb90>
12-07-2020 03:48:54 PM | DEBUG | Event before-call.s3.GetObject: calling handler <bound method S3RegionRedirector.set_request_url of <botocore.utils.S3RegionRedirector object at 0x7f01beffbfd0>>
12-07-2020 03:48:54 PM | DEBUG | Event before-call.s3.GetObject: calling handler <function inject_api_version_header_if_needed at 0x7f01dc567ef0>
12-07-2020 03:48:54 PM | DEBUG | Making request for OperationModel(name=GetObject) with params: {'url_path': '/itx-bhq-data-covidcollector/gt_for_mit/201206_county_data.csv', 'query_string': {}, 'method': 'GET', 'headers': {'User-Agent': 'Boto3/1.16.28 Python/3.7.4 Linux/4.14.203-156.332.amzn2.x86_64 Botocore/1.19.28'}, 'body': b'', 'url': 'https://s3.amazonaws.com/itx-bhq-data-covidcollector/gt_for_mit/201206_county_data.csv', 'context': {'client_region': 'us-east-1', 'client_config': <botocore.config.Config object at 0x7f01bef20610>, 'has_streaming_input': False, 'auth_type': None, 'signing': {'bucket': 'itx-bhq-data-covidcollector'}}}
12-07-2020 03:48:54 PM | DEBUG | Event request-created.s3.GetObject: calling handler <bound method RequestSigner.handler of <botocore.signers.RequestSigner object at 0x7f01bef20590>>
12-07-2020 03:48:54 PM | DEBUG | Event choose-signer.s3.GetObject: calling handler <bound method ClientCreator._default_s3_presign_to_sigv2 of <botocore.client.ClientCreator object at 0x7f01ca4738d0>>
12-07-2020 03:48:54 PM | DEBUG | Event choose-signer.s3.GetObject: calling handler <function set_operation_specific_signer at 0x7f01dc55f560>
12-07-2020 03:48:54 PM | DEBUG | Event before-sign.s3.GetObject: calling handler <bound method S3EndpointSetter.set_endpoint of <botocore.utils.S3EndpointSetter object at 0x7f01cdb11710>>
12-07-2020 03:48:54 PM | DEBUG | Defaulting to S3 virtual host style addressing with path style addressing fallback.
12-07-2020 03:48:54 PM | DEBUG | Checking for DNS compatible bucket for: https://s3.amazonaws.com/itx-bhq-data-covidcollector/gt_for_mit/201206_county_data.csv
12-07-2020 03:48:54 PM | DEBUG | URI updated to: https://itx-bhq-data-covidcollector.s3.amazonaws.com/gt_for_mit/201206_county_data.csv
12-07-2020 03:48:54 PM | DEBUG | Calculating signature using v4 auth.
12-07-2020 03:48:54 PM | DEBUG | CanonicalRequest:
GET
/gt_for_mit/201206_county_data.csv

host:itx-bhq-data-covidcollector.s3.amazonaws.com
x-amz-content-sha256:e3b0c44298fc1c149afbf4c8996fb92427ae41e4649b934ca495991b7852b855
x-amz-date:20201207T154854Z

host;x-amz-content-sha256;x-amz-date
e3b0c44298fc1c149afbf4c8996fb92427ae41e4649b934ca495991b7852b855
12-07-2020 03:48:54 PM | DEBUG | StringToSign:
AWS4-HMAC-SHA256
20201207T154854Z
20201207/us-east-1/s3/aws4_request
6baf032b909508fb104dc58292c5c55fa68093b342ffa4cb5771055d3241d66c
12-07-2020 03:48:54 PM | DEBUG | Signature:
09ea673600ac039a47fe6bfc764ea099de7b045bdaebc20bad30ee13c73a7555
12-07-2020 03:48:54 PM | DEBUG | Sending http request: <AWSPreparedRequest stream_output=True, method=GET, url=https://itx-bhq-data-covidcollector.s3.amazonaws.com/gt_for_mit/201206_county_data.csv, headers={'User-Agent': b'Boto3/1.16.28 Python/3.7.4 Linux/4.14.203-156.332.amzn2.x86_64 Botocore/1.19.28', 'X-Amz-Date': b'20201207T154854Z', 'X-Amz-Content-SHA256': b'e3b0c44298fc1c149afbf4c8996fb92427ae41e4649b934ca495991b7852b855', 'Authorization': b'AWS4-HMAC-SHA256 Credential=AKIAU4A3W7LKCSENLU2T/20201207/us-east-1/s3/aws4_request, SignedHeaders=host;x-amz-content-sha256;x-amz-date, Signature=09ea673600ac039a47fe6bfc764ea099de7b045bdaebc20bad30ee13c73a7555'}>
12-07-2020 03:48:54 PM | DEBUG | Starting new HTTPS connection (1): itx-bhq-data-covidcollector.s3.amazonaws.com:443
12-07-2020 03:48:54 PM | DEBUG | https://itx-bhq-data-covidcollector.s3.amazonaws.com:443 "GET /gt_for_mit/201206_county_data.csv HTTP/1.1" 404 None
12-07-2020 03:48:54 PM | DEBUG | Response headers: {'x-amz-request-id': 'ED70EAA095C27A24', 'x-amz-id-2': 'K9pEWu1s3Xi1qoK2OmPipbqGs4/M1aNFFToJklmfS1uWltbxaR/T1+YSiCx5BX68I4qXQ5WH9ok=', 'Content-Type': 'application/xml', 'Transfer-Encoding': 'chunked', 'Date': 'Mon, 07 Dec 2020 15:48:54 GMT', 'Server': 'AmazonS3'}
12-07-2020 03:48:54 PM | DEBUG | Response body:
b'<?xml version="1.0" encoding="UTF-8"?>\n<Error><Code>NoSuchKey</Code><Message>The specified key does not exist.</Message><Key>gt_for_mit/201206_county_data.csv</Key><RequestId>ED70EAA095C27A24</RequestId><HostId>K9pEWu1s3Xi1qoK2OmPipbqGs4/M1aNFFToJklmfS1uWltbxaR/T1+YSiCx5BX68I4qXQ5WH9ok=</HostId></Error>'
12-07-2020 03:48:54 PM | DEBUG | Response headers: {'x-amz-request-id': 'ED70EAA095C27A24', 'x-amz-id-2': 'K9pEWu1s3Xi1qoK2OmPipbqGs4/M1aNFFToJklmfS1uWltbxaR/T1+YSiCx5BX68I4qXQ5WH9ok=', 'Content-Type': 'application/xml', 'Transfer-Encoding': 'chunked', 'Date': 'Mon, 07 Dec 2020 15:48:54 GMT', 'Server': 'AmazonS3'}
12-07-2020 03:48:54 PM | DEBUG | Response body:
b'<?xml version="1.0" encoding="UTF-8"?>\n<Error><Code>NoSuchKey</Code><Message>The specified key does not exist.</Message><Key>gt_for_mit/201206_county_data.csv</Key><RequestId>ED70EAA095C27A24</RequestId><HostId>K9pEWu1s3Xi1qoK2OmPipbqGs4/M1aNFFToJklmfS1uWltbxaR/T1+YSiCx5BX68I4qXQ5WH9ok=</HostId></Error>'
12-07-2020 03:48:54 PM | DEBUG | Event needs-retry.s3.GetObject: calling handler <botocore.retryhandler.RetryHandler object at 0x7f01cdb59a50>
12-07-2020 03:48:54 PM | DEBUG | No retry needed.
12-07-2020 03:48:54 PM | DEBUG | Event needs-retry.s3.GetObject: calling handler <bound method S3RegionRedirector.redirect_from_error of <botocore.utils.S3RegionRedirector object at 0x7f01beffbfd0>>
